0 info it worked if it ends with ok
1 verbose cli [ '/usr/local/bin/node',
1 verbose cli   '/usr/local/bin/npm',
1 verbose cli   'install',
1 verbose cli   'gulp-handlebars@4.0.5',
1 verbose cli   '--save-dev' ]
2 info using npm@3.3.12
3 info using node@v5.4.1
4 silly loadCurrentTree Starting
5 silly install loadCurrentTree
6 silly install readLocalPackageData
7 silly fetchPackageMetaData gulp-handlebars@4.0.5
8 silly fetchNamedPackageData gulp-handlebars
9 silly mapToRegistry name gulp-handlebars
10 silly mapToRegistry using default registry
11 silly mapToRegistry registry https://registry.npmjs.org/
12 silly mapToRegistry uri https://registry.npmjs.org/gulp-handlebars
13 verbose request uri https://registry.npmjs.org/gulp-handlebars
14 verbose request no auth needed
15 info attempt registry request try #1 at 3:00:17 PM
16 verbose request id a048ebf862e8fea3
17 verbose etag "RU864LLJO08RDQA4JSC6VU63"
18 http request GET https://registry.npmjs.org/gulp-handlebars
19 http 304 https://registry.npmjs.org/gulp-handlebars
20 verbose headers { date: 'Mon, 29 Aug 2016 13:00:17 GMT',
20 verbose headers   via: '1.1 varnish',
20 verbose headers   'cache-control': 'max-age=300',
20 verbose headers   etag: '"RU864LLJO08RDQA4JSC6VU63"',
20 verbose headers   age: '133',
20 verbose headers   connection: 'keep-alive',
20 verbose headers   'x-served-by': 'cache-fra1243-FRA',
20 verbose headers   'x-cache': 'HIT',
20 verbose headers   'x-cache-hits': '1',
20 verbose headers   'x-timer': 'S1472475617.825408,VS0,VE0',
20 verbose headers   vary: 'Accept-Encoding' }
21 silly get cb [ 304,
21 silly get   { date: 'Mon, 29 Aug 2016 13:00:17 GMT',
21 silly get     via: '1.1 varnish',
21 silly get     'cache-control': 'max-age=300',
21 silly get     etag: '"RU864LLJO08RDQA4JSC6VU63"',
21 silly get     age: '133',
21 silly get     connection: 'keep-alive',
21 silly get     'x-served-by': 'cache-fra1243-FRA',
21 silly get     'x-cache': 'HIT',
21 silly get     'x-cache-hits': '1',
21 silly get     'x-timer': 'S1472475617.825408,VS0,VE0',
21 silly get     vary: 'Accept-Encoding' } ]
22 verbose etag https://registry.npmjs.org/gulp-handlebars from cache
23 verbose get saving gulp-handlebars to /home/christian/.npm/registry.npmjs.org/gulp-handlebars/.cache.json
24 silly fetchPackageMetaData Error: No compatible version found: gulp-handlebars@4.0.5
24 silly fetchPackageMetaData Valid install targets:
24 silly fetchPackageMetaData 4.0.0, 3.0.1, 3.0.0, 2.2.0, 2.1.0, 2.0.0, 1.0.2, 1.0.1, 1.0.0, 0.2.3, 0.2.2, 0.2.1, 0.2.0, 0.1.0
24 silly fetchPackageMetaData
24 silly fetchPackageMetaData     at pickVersionFromRegistryDocument (/usr/local/lib/node_modules/npm/lib/fetch-package-metadata.js:156:16)
24 silly fetchPackageMetaData     at /usr/local/lib/node_modules/npm/node_modules/iferr/index.js:13:50
24 silly fetchPackageMetaData     at /usr/local/lib/node_modules/npm/lib/utils/pulse-till-done.js:19:8
24 silly fetchPackageMetaData     at saved (/usr/local/lib/node_modules/npm/lib/cache/caching-client.js:168:7)
24 silly fetchPackageMetaData     at /usr/local/lib/node_modules/npm/node_modules/graceful-fs/polyfills.js:210:7
24 silly fetchPackageMetaData     at FSReqWrap.oncomplete (fs.js:82:15)
24 silly fetchPackageMetaData  error for gulp-handlebars@4.0.5 [Error: No compatible version found: gulp-handlebars@4.0.5
24 silly fetchPackageMetaData Valid install targets:
24 silly fetchPackageMetaData 4.0.0, 3.0.1, 3.0.0, 2.2.0, 2.1.0, 2.0.0, 1.0.2, 1.0.1, 1.0.0, 0.2.3, 0.2.2, 0.2.1, 0.2.0, 0.1.0
24 silly fetchPackageMetaData ]
25 silly rollbackFailedOptional Starting
26 silly rollbackFailedOptional Finishing
27 silly runTopLevelLifecycles Starting
28 silly runTopLevelLifecycles Finishing
29 silly install printInstalled
30 verbose stack Error: No compatible version found: gulp-handlebars@4.0.5
30 verbose stack Valid install targets:
30 verbose stack 4.0.0, 3.0.1, 3.0.0, 2.2.0, 2.1.0, 2.0.0, 1.0.2, 1.0.1, 1.0.0, 0.2.3, 0.2.2, 0.2.1, 0.2.0, 0.1.0
30 verbose stack
30 verbose stack     at pickVersionFromRegistryDocument (/usr/local/lib/node_modules/npm/lib/fetch-package-metadata.js:156:16)
30 verbose stack     at /usr/local/lib/node_modules/npm/node_modules/iferr/index.js:13:50
30 verbose stack     at /usr/local/lib/node_modules/npm/lib/utils/pulse-till-done.js:19:8
30 verbose stack     at saved (/usr/local/lib/node_modules/npm/lib/cache/caching-client.js:168:7)
30 verbose stack     at /usr/local/lib/node_modules/npm/node_modules/graceful-fs/polyfills.js:210:7
30 verbose stack     at FSReqWrap.oncomplete (fs.js:82:15)
31 verbose cwd /home/christian/Repositories/tool_coherence_audience/app/toolapp
32 error Linux 3.19.0-64-generic
33 error argv "/usr/local/bin/node" "/usr/local/bin/npm" "install" "gulp-handlebars@4.0.5" "--save-dev"
34 error node v5.4.1
35 error npm  v3.3.12
36 error No compatible version found: gulp-handlebars@4.0.5
36 error Valid install targets:
36 error 4.0.0, 3.0.1, 3.0.0, 2.2.0, 2.1.0, 2.0.0, 1.0.2, 1.0.1, 1.0.0, 0.2.3, 0.2.2, 0.2.1, 0.2.0, 0.1.0
37 error If you need help, you may report this error at:
37 error     <https://github.com/npm/npm/issues>
38 verbose exit [ 1, true ]
